{"C:\\Users\\Hugo\\Desktop\\TERCER_CURSO_INGENIERIA\\ASW\\PRACTICA\\dede_es4c\\dede_es4c\\webapp\\src\\components\\CargaPinchos.tsx": {"path":"C:\\Users\\Hugo\\Desktop\\TERCER_CURSO_INGENIERIA\\ASW\\PRACTICA\\dede_es4c\\dede_es4c\\webapp\\src\\components\\CargaPinchos.tsx","statementMap":{"0":{"start":{"line":1,"column":0},"end":{"line":1,"column":63}},"1":{"start":{"line":2,"column":0},"end":{"line":2,"column":41}},"2":{"start":{"line":3,"column":0},"end":{"line":3,"column":97}},"3":{"start":{"line":4,"column":0},"end":{"line":4,"column":45}},"4":{"start":{"line":5,"column":0},"end":{"line":5,"column":45}},"5":{"start":{"line":6,"column":0},"end":{"line":6,"column":43}},"6":{"start":{"line":11,"column":34},"end":{"line":11,"column":56}},"7":{"start":{"line":13,"column":31},"end":{"line":28,"column":7}},"8":{"start":{"line":14,"column":8},"end":{"line":27,"column":50}},"9":{"start":{"line":15,"column":12},"end":{"line":15,"column":48}},"10":{"start":{"line":16,"column":13},"end":{"line":27,"column":50}},"11":{"start":{"line":17,"column":12},"end":{"line":17,"column":48}},"12":{"start":{"line":18,"column":13},"end":{"line":27,"column":50}},"13":{"start":{"line":19,"column":12},"end":{"line":19,"column":43}},"14":{"start":{"line":20,"column":13},"end":{"line":27,"column":50}},"15":{"start":{"line":21,"column":12},"end":{"line":21,"column":42}},"16":{"start":{"line":22,"column":13},"end":{"line":27,"column":50}},"17":{"start":{"line":23,"column":12},"end":{"line":23,"column":53}},"18":{"start":{"line":24,"column":13},"end":{"line":27,"column":50}},"19":{"start":{"line":25,"column":12},"end":{"line":25,"column":55}},"20":{"start":{"line":27,"column":12},"end":{"line":27,"column":50}},"21":{"start":{"line":30,"column":6},"end":{"line":32,"column":12}},"22":{"start":{"line":31,"column":8},"end":{"line":31,"column":29}},"23":{"start":{"line":34,"column":40},"end":{"line":34,"column":42}},"24":{"start":{"line":36,"column":6},"end":{"line":38,"column":7}},"25":{"start":{"line":37,"column":9},"end":{"line":37,"column":151}},"26":{"start":{"line":40,"column":4},"end":{"line":40,"column":27}},"27":{"start":{"line":43,"column":0},"end":{"line":43,"column":28}}},"fnMap":{"0":{"name":"CargaPinchos","decl":{"start":{"line":10,"column":9},"end":{"line":10,"column":21}},"loc":{"start":{"line":10,"column":34},"end":{"line":41,"column":1}}},"1":{"name":"(anonymous_2)","decl":{"start":{"line":13,"column":31},"end":{"line":13,"column":36}},"loc":{"start":{"line":13,"column":42},"end":{"line":28,"column":7}}},"2":{"name":"(anonymous_3)","decl":{"start":{"line":30,"column":16},"end":{"line":30,"column":18}},"loc":{"start":{"line":30,"column":20},"end":{"line":32,"column":7}}},"3":{"name":"(anonymous_4)","decl":{"start":{"line":36,"column":18},"end":{"line":36,"column":19}},"loc":{"start":{"line":37,"column":9},"end":{"line":37,"column":151}}}},"branchMap":{"0":{"loc":{"start":{"line":14,"column":8},"end":{"line":27,"column":50}},"type":"if","locations":[{"start":{"line":14,"column":8},"end":{"line":27,"column":50}},{"start":{"line":16,"column":13},"end":{"line":27,"column":50}}]},"1":{"loc":{"start":{"line":16,"column":13},"end":{"line":27,"column":50}},"type":"if","locations":[{"start":{"line":16,"column":13},"end":{"line":27,"column":50}},{"start":{"line":18,"column":13},"end":{"line":27,"column":50}}]},"2":{"loc":{"start":{"line":18,"column":13},"end":{"line":27,"column":50}},"type":"if","locations":[{"start":{"line":18,"column":13},"end":{"line":27,"column":50}},{"start":{"line":20,"column":13},"end":{"line":27,"column":50}}]},"3":{"loc":{"start":{"line":20,"column":13},"end":{"line":27,"column":50}},"type":"if","locations":[{"start":{"line":20,"column":13},"end":{"line":27,"column":50}},{"start":{"line":22,"column":13},"end":{"line":27,"column":50}}]},"4":{"loc":{"start":{"line":22,"column":13},"end":{"line":27,"column":50}},"type":"if","locations":[{"start":{"line":22,"column":13},"end":{"line":27,"column":50}},{"start":{"line":24,"column":13},"end":{"line":27,"column":50}}]},"5":{"loc":{"start":{"line":24,"column":13},"end":{"line":27,"column":50}},"type":"if","locations":[{"start":{"line":24,"column":13},"end":{"line":27,"column":50}},{"start":{"line":27,"column":12},"end":{"line":27,"column":50}}]}},"s":{"0":0,"1":0,"2":0,"3":0,"4":0,"5":0,"6":0,"7":0,"8":0,"9":0,"10":0,"11":0,"12":0,"13":0,"14":0,"15":0,"16":0,"17":0,"18":0,"19":0,"20":0,"21":0,"22":0,"23":0,"24":0,"25":0,"26":0,"27":0},"f":{"0":0,"1":0,"2":0,"3":0},"b":{"0":[0,0],"1":[0,0],"2":[0,0],"3":[0,0],"4":[0,0],"5":[0,0]}}
,"C:\\Users\\Hugo\\Desktop\\TERCER_CURSO_INGENIERIA\\ASW\\PRACTICA\\dede_es4c\\dede_es4c\\webapp\\src\\components\\Producto.ts": {"path":"C:\\Users\\Hugo\\Desktop\\TERCER_CURSO_INGENIERIA\\ASW\\PRACTICA\\dede_es4c\\dede_es4c\\webapp\\src\\components\\Producto.ts","statementMap":{"0":{"start":{"line":7,"column":8},"end":{"line":7,"column":29}},"1":{"start":{"line":8,"column":8},"end":{"line":8,"column":29}},"2":{"start":{"line":9,"column":8},"end":{"line":9,"column":33}},"3":{"start":{"line":13,"column":8},"end":{"line":13,"column":51}},"4":{"start":{"line":17,"column":0},"end":{"line":17,"column":24}}},"fnMap":{"0":{"name":"(anonymous_0)","decl":{"start":{"line":6,"column":4},"end":{"line":6,"column":16}},"loc":{"start":{"line":6,"column":61},"end":{"line":10,"column":5}}},"1":{"name":"(anonymous_1)","decl":{"start":{"line":12,"column":4},"end":{"line":12,"column":19}},"loc":{"start":{"line":12,"column":19},"end":{"line":14,"column":5}}}},"branchMap":{},"s":{"0":0,"1":0,"2":0,"3":0,"4":0},"f":{"0":0,"1":0},"b":{}}
}
