{"C:\\Users\\drav0\\Desktop\\UniOvi\\ASW\\dede_es4c\\restapi\\api.ts": {"path":"C:\\Users\\drav0\\Desktop\\UniOvi\\ASW\\dede_es4c\\restapi\\api.ts","statementMap":{"0":{"start":{"line":1,"column":0},"end":{"line":1,"column":61}},"1":{"start":{"line":4,"column":17},"end":{"line":4,"column":36}},"2":{"start":{"line":5,"column":0},"end":{"line":10,"column":null}},"3":{"start":{"line":7,"column":8},"end":{"line":7,"column":null}},"4":{"start":{"line":9,"column":8},"end":{"line":9,"column":null}},"5":{"start":{"line":11,"column":23},"end":{"line":11,"column":31}},"6":{"start":{"line":12,"column":22},"end":{"line":25,"column":2}},"7":{"start":{"line":26,"column":16},"end":{"line":26,"column":54}},"8":{"start":{"line":27,"column":19},"end":{"line":27,"column":35}},"9":{"start":{"line":29,"column":0},"end":{"line":36,"column":3}},"10":{"start":{"line":29,"column":77},"end":{"line":36,"column":2}},"11":{"start":{"line":30,"column":2},"end":{"line":35,"column":null}},"12":{"start":{"line":31,"column":19},"end":{"line":31,"column":46}},"13":{"start":{"line":32,"column":6},"end":{"line":32,"column":42}},"14":{"start":{"line":34,"column":4},"end":{"line":34,"column":39}},"15":{"start":{"line":37,"column":0},"end":{"line":44,"column":3}},"16":{"start":{"line":37,"column":88},"end":{"line":44,"column":2}},"17":{"start":{"line":38,"column":2},"end":{"line":43,"column":null}},"18":{"start":{"line":39,"column":19},"end":{"line":39,"column":91}},"19":{"start":{"line":40,"column":6},"end":{"line":40,"column":42}},"20":{"start":{"line":42,"column":4},"end":{"line":42,"column":39}},"21":{"start":{"line":45,"column":0},"end":{"line":52,"column":3}},"22":{"start":{"line":45,"column":84},"end":{"line":52,"column":2}},"23":{"start":{"line":46,"column":2},"end":{"line":51,"column":null}},"24":{"start":{"line":47,"column":19},"end":{"line":47,"column":61}},"25":{"start":{"line":48,"column":6},"end":{"line":48,"column":42}},"26":{"start":{"line":50,"column":4},"end":{"line":50,"column":39}},"27":{"start":{"line":53,"column":0},"end":{"line":60,"column":3}},"28":{"start":{"line":53,"column":84},"end":{"line":60,"column":2}},"29":{"start":{"line":54,"column":2},"end":{"line":59,"column":null}},"30":{"start":{"line":55,"column":19},"end":{"line":55,"column":60}},"31":{"start":{"line":56,"column":6},"end":{"line":56,"column":42}},"32":{"start":{"line":58,"column":4},"end":{"line":58,"column":39}},"33":{"start":{"line":62,"column":0},"end":{"line":62,"column":19}}},"fnMap":{"0":{"name":"(anonymous_8)","decl":{"start":{"line":6,"column":10},"end":{"line":6,"column":13}},"loc":{"start":{"line":6,"column":15},"end":{"line":8,"column":5}}},"1":{"name":"(anonymous_9)","decl":{"start":{"line":8,"column":13},"end":{"line":8,"column":15}},"loc":{"start":{"line":8,"column":17},"end":{"line":10,"column":5}}},"2":{"name":"(anonymous_10)","decl":{"start":{"line":29,"column":20},"end":{"line":29,"column":27}},"loc":{"start":{"line":29,"column":77},"end":{"line":36,"column":2}}},"3":{"name":"(anonymous_11)","decl":{"start":{"line":29,"column":77},"end":{"line":29,"column":null}},"loc":{"start":{"line":29,"column":77},"end":{"line":36,"column":1}}},"4":{"name":"(anonymous_12)","decl":{"start":{"line":37,"column":31},"end":{"line":37,"column":38}},"loc":{"start":{"line":37,"column":88},"end":{"line":44,"column":2}}},"5":{"name":"(anonymous_13)","decl":{"start":{"line":37,"column":88},"end":{"line":37,"column":null}},"loc":{"start":{"line":37,"column":88},"end":{"line":44,"column":1}}},"6":{"name":"(anonymous_14)","decl":{"start":{"line":45,"column":27},"end":{"line":45,"column":34}},"loc":{"start":{"line":45,"column":84},"end":{"line":52,"column":2}}},"7":{"name":"(anonymous_15)","decl":{"start":{"line":45,"column":84},"end":{"line":45,"column":null}},"loc":{"start":{"line":45,"column":84},"end":{"line":52,"column":1}}},"8":{"name":"(anonymous_16)","decl":{"start":{"line":53,"column":27},"end":{"line":53,"column":34}},"loc":{"start":{"line":53,"column":84},"end":{"line":60,"column":2}}},"9":{"name":"(anonymous_17)","decl":{"start":{"line":53,"column":84},"end":{"line":53,"column":null}},"loc":{"start":{"line":53,"column":84},"end":{"line":60,"column":1}}}},"branchMap":{},"s":{"0":0,"1":0,"2":0,"3":0,"4":0,"5":0,"6":0,"7":0,"8":0,"9":0,"10":0,"11":0,"12":0,"13":0,"14":0,"15":0,"16":0,"17":0,"18":0,"19":0,"20":0,"21":0,"22":0,"23":0,"24":0,"25":0,"26":0,"27":0,"28":0,"29":0,"30":0,"31":0,"32":0,"33":0},"f":{"0":0,"1":0,"2":0,"3":0,"4":0,"5":0,"6":0,"7":0,"8":0,"9":0},"b":{}}
}
