TN:
SF:..\api.ts
FN:6,(anonymous_8)
FN:8,(anonymous_9)
FN:29,(anonymous_10)
FN:29,(anonymous_11)
FN:37,(anonymous_12)
FN:37,(anonymous_13)
FN:45,(anonymous_14)
FN:45,(anonymous_15)
FN:53,(anonymous_16)
FN:53,(anonymous_17)
FNF:10
FNH:0
FNDA:0,(anonymous_8)
FNDA:0,(anonymous_9)
FNDA:0,(anonymous_10)
FNDA:0,(anonymous_11)
FNDA:0,(anonymous_12)
FNDA:0,(anonymous_13)
FNDA:0,(anonymous_14)
FNDA:0,(anonymous_15)
FNDA:0,(anonymous_16)
FNDA:0,(anonymous_17)
DA:1,0
DA:4,0
DA:5,0
DA:7,0
DA:9,0
DA:11,0
DA:12,0
DA:26,0
DA:27,0
DA:29,0
DA:30,0
DA:31,0
DA:32,0
DA:34,0
DA:37,0
DA:38,0
DA:39,0
DA:40,0
DA:42,0
DA:45,0
DA:46,0
DA:47,0
DA:48,0
DA:50,0
DA:53,0
DA:54,0
DA:55,0
DA:56,0
DA:58,0
DA:62,0
LF:30
LH:0
BRF:0
BRH:0
end_of_record
